<?xml version="1.0" encoding="UTF-8"?>
<!-- Generated by org.testng.reporters.JUnitReportReporter -->
<testsuite hostname="LAPTOP-E3JD15VA" failures="0" tests="3" name="MyWork.MyProject.DynamicJson" time="4.032" errors="0" timestamp="2020-12-27T00:35:13 IST" skipped="0">
  <testcase classname="MyWork.MyProject.DynamicJson" name="addBook" time="0.223"/>
  <system-out/>
  <testcase classname="MyWork.MyProject.DynamicJson" name="addBook" time="3.555"/>
  <system-out/>
  <testcase classname="MyWork.MyProject.DynamicJson" name="addBook" time="0.254"/>
  <system-out/>
</testsuite> <!-- MyWork.MyProject.DynamicJson -->
