<?xml version="1.0" encoding="UTF-8"?>
<!-- Generated by org.testng.reporters.JUnitReportReporter -->
<testsuite hostname="LAPTOP-E3JD15VA" failures="0" tests="1" name="MyWork.MyProject.SumValidation" time="1.403" errors="0" timestamp="2020-12-26T16:41:31 IST" skipped="0">
  <testcase classname="MyWork.MyProject.SumValidation" name="SumofCourses" time="1.403"/>
  <system-out/>
</testsuite> <!-- MyWork.MyProject.SumValidation -->
