<?xml version="1.0" encoding="UTF-8"?>
<!-- Generated by org.testng.reporters.JUnitReportReporter -->
<testsuite hostname="LAPTOP-E3JD15VA" failures="0" tests="1" name="MyWork.MyProject.newClassTest" time="0.002" errors="0" timestamp="2020-12-25T21:26:04 IST" skipped="0">
  <testcase classname="MyWork.MyProject.newClassTest" name="myFubc" time="0.002"/>
  <system-out/>
</testsuite> <!-- MyWork.MyProject.newClassTest -->
